SiaraShield/build/intermediates/manifest_merge_blame_file/release/processReleaseManifest/manifest-merger-blame-release-report.txt
1<?xml version="1.0" encoding="utf-8"?>
2<manifest xmlns:android="http://schemas.android.com/apk/res/android"
3    package="com.cybersiara.app" >
4
5    <uses-sdk android:minSdkVersion="21" />
6
7    <!-- permissions for INTERNET -->
8    <uses-permission android:name="android.permission.INTERNET" />
8-->src/main/AndroidManifest.xml:5:5-66
8-->src/main/AndroidManifest.xml:5:22-64
9    <uses-permission android:name="android.permission.ACCESS_WIFI_STATE" />
9-->src/main/AndroidManifest.xml:6:5-75
9-->src/main/AndroidManifest.xml:6:22-73
10    <uses-permission android:name="android.permission.ACCESS_NETWORK_STATE" />
10-->src/main/AndroidManifest.xml:7:5-78
10-->src/main/AndroidManifest.xml:7:22-76
11
12    <application
12-->src/main/AndroidManifest.xml:9:5-21:19
13        android:allowBackup="true"
13-->src/main/AndroidManifest.xml:10:9-35
14        android:icon="@mipmap/ic_launcher"
14-->src/main/AndroidManifest.xml:11:9-43
15        android:label="@string/app_name"
15-->src/main/AndroidManifest.xml:12:9-41
16        android:roundIcon="@mipmap/ic_launcher_round"
16-->src/main/AndroidManifest.xml:14:9-54
17        android:supportsRtl="true"
17-->src/main/AndroidManifest.xml:15:9-35
18        android:usesCleartextTraffic="true" >
18-->src/main/AndroidManifest.xml:13:9-44
19        <activity
19-->src/main/AndroidManifest.xml:16:9-20:20
20            android:name="com.cybersiara.app.CyberActivity"
20-->src/main/AndroidManifest.xml:17:13-42
21            android:exported="true" >
21-->src/main/AndroidManifest.xml:18:13-36
22        </activity>
23    </application>
24
25</manifest>